[
  {
    "Name": "SET",
    "Start": 0,
    "End": 3,
    "Text": "SET"
  },
  {
    "Name": "IDENT",
    "Start": 4,
    "End": 28,
    "Text": "enable_partition_pruning"
  },
  {
    "Name": "ASCII_61",
    "Start": 29,
    "End": 30,
    "Text": "="
  },
  {
    "Name": "OFF",
    "Start": 31,
    "End": 34,
    "Text": "off"
  },
  {
    "Name": "ASCII_59",
    "Start": 34,
    "End": 35,
    "Text": ";"
  },
  {
    "Name": "EXPLAIN",
    "Start": 36,
    "End": 43,
    "Text": "EXPLAIN"
  },
  {
    "Name": "SELECT",
    "Start": 44,
    "End": 50,
    "Text": "SELECT"
  },
  {
    "Name": "IDENT",
    "Start": 51,
    "End": 56,
    "Text": "count"
  },
  {
    "Name": "ASCII_40",
    "Start": 56,
    "End": 57,
    "Text": "("
  },
  {
    "Name": "ASCII_42",
    "Start": 57,
    "End": 58,
    "Text": "*"
  },
  {
    "Name": "ASCII_41",
    "Start": 58,
    "End": 59,
    "Text": ")"
  },
  {
    "Name": "FROM",
    "Start": 60,
    "End": 64,
    "Text": "FROM"
  },
  {
    "Name": "IDENT",
    "Start": 65,
    "End": 76,
    "Text": "measurement"
  },
  {
    "Name": "WHERE",
    "Start": 77,
    "End": 82,
    "Text": "WHERE"
  },
  {
    "Name": "IDENT",
    "Start": 83,
    "End": 90,
    "Text": "logdate"
  },
  {
    "Name": "GREATER_EQUALS",
    "Start": 91,
    "End": 93,
    "Text": "\u003e="
  },
  {
    "Name": "IDENT",
    "Start": 94,
    "End": 98,
    "Text": "DATE"
  },
  {
    "Name": "SCONST",
    "Start": 99,
    "End": 111,
    "Text": "'2008-01-01'"
  },
  {
    "Name": "ASCII_59",
    "Start": 111,
    "End": 112,
    "Text": ";"
  },
  {
    "Name": "SQL_COMMENT",
    "Start": 113,
    "End": 162,
    "Text": "--                                     QUERY PLAN"
  },
  {
    "Name": "SQL_COMMENT",
    "Start": 163,
    "End": 255,
    "Text": "-- -------------------------------------------------------------------\u0026zwsp;----------------"
  },
  {
    "Name": "SQL_COMMENT",
    "Start": 256,
    "End": 307,
    "Text": "--  Aggregate  (cost=188.76..188.77 rows=1 width=8)"
  },
  {
    "Name": "SQL_COMMENT",
    "Start": 308,
    "End": 363,
    "Text": "--    -\u003e  Append  (cost=0.00..181.05 rows=3085 width=0)"
  },
  {
    "Name": "SQL_COMMENT",
    "Start": 364,
    "End": 449,
    "Text": "--          -\u003e  Seq Scan on measurement_y2006m02  (cost=0.00..33.12 rows=617 width=0)"
  },
  {
    "Name": "SQL_COMMENT",
    "Start": 450,
    "End": 507,
    "Text": "--                Filter: (logdate \u003e= '2008-01-01'::date)"
  },
  {
    "Name": "SQL_COMMENT",
    "Start": 508,
    "End": 593,
    "Text": "--          -\u003e  Seq Scan on measurement_y2006m03  (cost=0.00..33.12 rows=617 width=0)"
  },
  {
    "Name": "SQL_COMMENT",
    "Start": 594,
    "End": 651,
    "Text": "--                Filter: (logdate \u003e= '2008-01-01'::date)"
  },
  {
    "Name": "SQL_COMMENT",
    "Start": 652,
    "End": 658,
    "Text": "-- ..."
  },
  {
    "Name": "SQL_COMMENT",
    "Start": 659,
    "End": 744,
    "Text": "--          -\u003e  Seq Scan on measurement_y2007m11  (cost=0.00..33.12 rows=617 width=0)"
  },
  {
    "Name": "SQL_COMMENT",
    "Start": 745,
    "End": 802,
    "Text": "--                Filter: (logdate \u003e= '2008-01-01'::date)"
  },
  {
    "Name": "SQL_COMMENT",
    "Start": 803,
    "End": 888,
    "Text": "--          -\u003e  Seq Scan on measurement_y2007m12  (cost=0.00..33.12 rows=617 width=0)"
  },
  {
    "Name": "SQL_COMMENT",
    "Start": 889,
    "End": 946,
    "Text": "--                Filter: (logdate \u003e= '2008-01-01'::date)"
  },
  {
    "Name": "SQL_COMMENT",
    "Start": 947,
    "End": 1032,
    "Text": "--          -\u003e  Seq Scan on measurement_y2008m01  (cost=0.00..33.12 rows=617 width=0)"
  },
  {
    "Name": "SQL_COMMENT",
    "Start": 1033,
    "End": 1090,
    "Text": "--                Filter: (logdate \u003e= '2008-01-01'::date)"
  }
]