[
  {
    "Name": "EXPLAIN",
    "Start": 0,
    "End": 7,
    "Text": "EXPLAIN"
  },
  {
    "Name": "SELECT",
    "Start": 8,
    "End": 14,
    "Text": "SELECT"
  },
  {
    "Name": "IDENT",
    "Start": 15,
    "End": 18,
    "Text": "sum"
  },
  {
    "Name": "ASCII_40",
    "Start": 18,
    "End": 19,
    "Text": "("
  },
  {
    "Name": "IDENT",
    "Start": 19,
    "End": 20,
    "Text": "i"
  },
  {
    "Name": "ASCII_41",
    "Start": 20,
    "End": 21,
    "Text": ")"
  },
  {
    "Name": "FROM",
    "Start": 22,
    "End": 26,
    "Text": "FROM"
  },
  {
    "Name": "IDENT",
    "Start": 27,
    "End": 30,
    "Text": "foo"
  },
  {
    "Name": "WHERE",
    "Start": 31,
    "End": 36,
    "Text": "WHERE"
  },
  {
    "Name": "IDENT",
    "Start": 37,
    "End": 38,
    "Text": "i"
  },
  {
    "Name": "ASCII_60",
    "Start": 39,
    "End": 40,
    "Text": "\u003c"
  },
  {
    "Name": "ICONST",
    "Start": 41,
    "End": 43,
    "Text": "10"
  },
  {
    "Name": "ASCII_59",
    "Start": 43,
    "End": 44,
    "Text": ";"
  },
  {
    "Name": "SQL_COMMENT",
    "Start": 46,
    "End": 88,
    "Text": "--                              QUERY PLAN"
  },
  {
    "Name": "SQL_COMMENT",
    "Start": 89,
    "End": 167,
    "Text": "-- -------------------------------------------------------------------\u0026zwsp;--"
  },
  {
    "Name": "SQL_COMMENT",
    "Start": 168,
    "End": 217,
    "Text": "--  Aggregate  (cost=23.93..23.93 rows=1 width=4)"
  },
  {
    "Name": "SQL_COMMENT",
    "Start": 218,
    "End": 289,
    "Text": "--    -\u003e  Index Scan using fi on foo  (cost=0.00..23.92 rows=6 width=4)"
  },
  {
    "Name": "SQL_COMMENT",
    "Start": 290,
    "End": 322,
    "Text": "--          Index Cond: (i \u003c 10)"
  },
  {
    "Name": "SQL_COMMENT",
    "Start": 323,
    "End": 334,
    "Text": "-- (3 rows)"
  }
]