[
  {
    "Name": "EXPLAIN",
    "Start": 0,
    "End": 7,
    "Text": "EXPLAIN"
  },
  {
    "Name": "ASCII_40",
    "Start": 8,
    "End": 9,
    "Text": "("
  },
  {
    "Name": "ANALYZE",
    "Start": 9,
    "End": 16,
    "Text": "ANALYZE"
  },
  {
    "Name": "ASCII_44",
    "Start": 16,
    "End": 17,
    "Text": ","
  },
  {
    "Name": "IDENT",
    "Start": 18,
    "End": 24,
    "Text": "TIMING"
  },
  {
    "Name": "OFF",
    "Start": 25,
    "End": 28,
    "Text": "OFF"
  },
  {
    "Name": "ASCII_41",
    "Start": 28,
    "End": 29,
    "Text": ")"
  },
  {
    "Name": "SELECT",
    "Start": 30,
    "End": 36,
    "Text": "SELECT"
  },
  {
    "Name": "IDENT",
    "Start": 37,
    "End": 42,
    "Text": "COUNT"
  },
  {
    "Name": "ASCII_40",
    "Start": 42,
    "End": 43,
    "Text": "("
  },
  {
    "Name": "ASCII_42",
    "Start": 43,
    "End": 44,
    "Text": "*"
  },
  {
    "Name": "ASCII_41",
    "Start": 44,
    "End": 45,
    "Text": ")"
  },
  {
    "Name": "FROM",
    "Start": 46,
    "End": 50,
    "Text": "FROM"
  },
  {
    "Name": "IDENT",
    "Start": 51,
    "End": 52,
    "Text": "t"
  },
  {
    "Name": "GROUP_P",
    "Start": 53,
    "End": 58,
    "Text": "GROUP"
  },
  {
    "Name": "BY",
    "Start": 59,
    "End": 61,
    "Text": "BY"
  },
  {
    "Name": "IDENT",
    "Start": 62,
    "End": 63,
    "Text": "a"
  },
  {
    "Name": "ASCII_59",
    "Start": 63,
    "End": 64,
    "Text": ";"
  },
  {
    "Name": "SQL_COMMENT",
    "Start": 65,
    "End": 157,
    "Text": "--                                        QUERY PLAN                                        "
  },
  {
    "Name": "SQL_COMMENT",
    "Start": 158,
    "End": 256,
    "Text": "-- -------------------------------------------------------------------\u0026zwsp;----------------------"
  },
  {
    "Name": "SQL_COMMENT",
    "Start": 257,
    "End": 341,
    "Text": "--  HashAggregate  (cost=195.00..196.00 rows=100 width=12) (actual rows=100 loops=1)"
  },
  {
    "Name": "SQL_COMMENT",
    "Start": 342,
    "End": 360,
    "Text": "--    Group Key: a"
  },
  {
    "Name": "SQL_COMMENT",
    "Start": 361,
    "End": 452,
    "Text": "--    -\u003e  Seq Scan on t  (cost=0.00..145.00 rows=10000 width=4) (actual rows=10000 loops=1)"
  }
]