[
  {
    "Name": "EXPLAIN",
    "Start": 0,
    "End": 7,
    "Text": "EXPLAIN"
  },
  {
    "Name": "SELECT",
    "Start": 8,
    "End": 14,
    "Text": "SELECT"
  },
  {
    "Name": "ASCII_42",
    "Start": 15,
    "End": 16,
    "Text": "*"
  },
  {
    "Name": "FROM",
    "Start": 17,
    "End": 21,
    "Text": "FROM"
  },
  {
    "Name": "IDENT",
    "Start": 22,
    "End": 27,
    "Text": "tenk1"
  },
  {
    "Name": "IDENT",
    "Start": 28,
    "End": 30,
    "Text": "t1"
  },
  {
    "Name": "ASCII_44",
    "Start": 30,
    "End": 31,
    "Text": ","
  },
  {
    "Name": "IDENT",
    "Start": 32,
    "End": 37,
    "Text": "tenk2"
  },
  {
    "Name": "IDENT",
    "Start": 38,
    "End": 40,
    "Text": "t2"
  },
  {
    "Name": "WHERE",
    "Start": 41,
    "End": 46,
    "Text": "WHERE"
  },
  {
    "Name": "IDENT",
    "Start": 47,
    "End": 49,
    "Text": "t1"
  },
  {
    "Name": "ASCII_46",
    "Start": 49,
    "End": 50,
    "Text": "."
  },
  {
    "Name": "IDENT",
    "Start": 50,
    "End": 57,
    "Text": "unique1"
  },
  {
    "Name": "ASCII_60",
    "Start": 58,
    "End": 59,
    "Text": "\u003c"
  },
  {
    "Name": "ICONST",
    "Start": 60,
    "End": 62,
    "Text": "50"
  },
  {
    "Name": "AND",
    "Start": 63,
    "End": 66,
    "Text": "AND"
  },
  {
    "Name": "IDENT",
    "Start": 67,
    "End": 69,
    "Text": "t1"
  },
  {
    "Name": "ASCII_46",
    "Start": 69,
    "End": 70,
    "Text": "."
  },
  {
    "Name": "IDENT",
    "Start": 70,
    "End": 77,
    "Text": "unique2"
  },
  {
    "Name": "ASCII_61",
    "Start": 78,
    "End": 79,
    "Text": "="
  },
  {
    "Name": "IDENT",
    "Start": 80,
    "End": 82,
    "Text": "t2"
  },
  {
    "Name": "ASCII_46",
    "Start": 82,
    "End": 83,
    "Text": "."
  },
  {
    "Name": "IDENT",
    "Start": 83,
    "End": 90,
    "Text": "unique2"
  },
  {
    "Name": "ASCII_59",
    "Start": 90,
    "End": 91,
    "Text": ";"
  },
  {
    "Name": "SQL_COMMENT",
    "Start": 93,
    "End": 144,
    "Text": "--                                       QUERY PLAN"
  },
  {
    "Name": "SQL_COMMENT",
    "Start": 145,
    "End": 240,
    "Text": "-- -------------------------------------------------------------------\u0026zwsp;-------------------"
  },
  {
    "Name": "SQL_COMMENT",
    "Start": 241,
    "End": 295,
    "Text": "--  Nested Loop  (cost=4.64..456.23 rows=50 width=488)"
  },
  {
    "Name": "SQL_COMMENT",
    "Start": 296,
    "End": 373,
    "Text": "--    -\u003e  Bitmap Heap Scan on tenk1 t1  (cost=4.64..142.17 rows=50 width=244)"
  },
  {
    "Name": "SQL_COMMENT",
    "Start": 374,
    "End": 414,
    "Text": "--          Recheck Cond: (unique1 \u003c 50)"
  },
  {
    "Name": "SQL_COMMENT",
    "Start": 415,
    "End": 500,
    "Text": "--          -\u003e  Bitmap Index Scan on tenk1_unique1  (cost=0.00..4.63 rows=50 width=0)"
  },
  {
    "Name": "SQL_COMMENT",
    "Start": 501,
    "End": 545,
    "Text": "--                Index Cond: (unique1 \u003c 50)"
  },
  {
    "Name": "SQL_COMMENT",
    "Start": 546,
    "End": 634,
    "Text": "--    -\u003e  Index Scan using tenk2_unique2 on tenk2 t2  (cost=0.00..6.27 rows=1 width=244)"
  },
  {
    "Name": "SQL_COMMENT",
    "Start": 635,
    "End": 681,
    "Text": "--          Index Cond: (unique2 = t1.unique2)"
  }
]