[
  {
    "Name": "EXPLAIN",
    "Start": 0,
    "End": 7,
    "Text": "EXPLAIN"
  },
  {
    "Name": "SELECT",
    "Start": 8,
    "End": 14,
    "Text": "SELECT"
  },
  {
    "Name": "ASCII_42",
    "Start": 15,
    "End": 16,
    "Text": "*"
  },
  {
    "Name": "FROM",
    "Start": 17,
    "End": 21,
    "Text": "FROM"
  },
  {
    "Name": "IDENT",
    "Start": 22,
    "End": 27,
    "Text": "tenk1"
  },
  {
    "Name": "WHERE",
    "Start": 28,
    "End": 33,
    "Text": "WHERE"
  },
  {
    "Name": "IDENT",
    "Start": 34,
    "End": 41,
    "Text": "unique1"
  },
  {
    "Name": "ASCII_60",
    "Start": 42,
    "End": 43,
    "Text": "\u003c"
  },
  {
    "Name": "ICONST",
    "Start": 44,
    "End": 48,
    "Text": "1000"
  },
  {
    "Name": "ASCII_59",
    "Start": 48,
    "End": 49,
    "Text": ";"
  },
  {
    "Name": "SQL_COMMENT",
    "Start": 51,
    "End": 99,
    "Text": "--                                    QUERY PLAN"
  },
  {
    "Name": "SQL_COMMENT",
    "Start": 100,
    "End": 189,
    "Text": "-- -------------------------------------------------------------------\u0026zwsp;-------------"
  },
  {
    "Name": "SQL_COMMENT",
    "Start": 190,
    "End": 261,
    "Text": "--  Bitmap Heap Scan on tenk1  (cost=24.06..394.64 rows=1007 width=244)"
  },
  {
    "Name": "SQL_COMMENT",
    "Start": 262,
    "End": 298,
    "Text": "--    Recheck Cond: (unique1 \u003c 1000)"
  },
  {
    "Name": "SQL_COMMENT",
    "Start": 299,
    "End": 381,
    "Text": "--    -\u003e  Bitmap Index Scan on tenk1_unique1  (cost=0.00..23.80 rows=1007 width=0)"
  },
  {
    "Name": "SQL_COMMENT",
    "Start": 382,
    "End": 422,
    "Text": "--          Index Cond: (unique1 \u003c 1000)"
  }
]